<?xml version="1.0" encoding="UTF-8"?>
<testsuite xmlns:xsi="http://www.w3.org/2001/XMLSchema-instance" xsi:noNamespaceSchemaLocation="https://maven.apache.org/surefire/maven-surefire-plugin/xsd/surefire-test-report.xsd" name="TestSuite" time="50.872" tests="5" errors="0" skipped="0" failures="0">
  <properties>
    <property name="sun.desktop" value="gnome"/>
    <property name="awt.toolkit" value="sun.awt.X11.XToolkit"/>
    <property name="file.encoding.pkg" value="sun.io"/>
    <property name="java.specification.version" value="1.8"/>
    <property name="sun.cpu.isalist" value=""/>
    <property name="sun.jnu.encoding" value="UTF-8"/>
    <property name="java.class.path" value="/home/venkat/eclipse-workspace/POM-2/target/test-classes:/home/venkat/eclipse-workspace/POM-2/target/classes:/home/venkat/.m2/repository/org/seleniumhq/selenium/selenium-java/3.141.59/selenium-java-3.141.59.jar:/home/venkat/.m2/repository/org/seleniumhq/selenium/selenium-api/3.141.59/selenium-api-3.141.59.jar:/home/venkat/.m2/repository/org/seleniumhq/selenium/selenium-chrome-driver/3.141.59/selenium-chrome-driver-3.141.59.jar:/home/venkat/.m2/repository/org/seleniumhq/selenium/selenium-edge-driver/3.141.59/selenium-edge-driver-3.141.59.jar:/home/venkat/.m2/repository/org/seleniumhq/selenium/selenium-firefox-driver/3.141.59/selenium-firefox-driver-3.141.59.jar:/home/venkat/.m2/repository/org/seleniumhq/selenium/selenium-ie-driver/3.141.59/selenium-ie-driver-3.141.59.jar:/home/venkat/.m2/repository/org/seleniumhq/selenium/selenium-opera-driver/3.141.59/selenium-opera-driver-3.141.59.jar:/home/venkat/.m2/repository/org/seleniumhq/selenium/selenium-remote-driver/3.141.59/selenium-remote-driver-3.141.59.jar:/home/venkat/.m2/repository/org/seleniumhq/selenium/selenium-safari-driver/3.141.59/selenium-safari-driver-3.141.59.jar:/home/venkat/.m2/repository/org/seleniumhq/selenium/selenium-support/3.141.59/selenium-support-3.141.59.jar:/home/venkat/.m2/repository/net/bytebuddy/byte-buddy/1.8.15/byte-buddy-1.8.15.jar:/home/venkat/.m2/repository/org/apache/commons/commons-exec/1.3/commons-exec-1.3.jar:/home/venkat/.m2/repository/com/google/guava/guava/25.0-jre/guava-25.0-jre.jar:/home/venkat/.m2/repository/com/google/code/findbugs/jsr305/1.3.9/jsr305-1.3.9.jar:/home/venkat/.m2/repository/org/checkerframework/checker-compat-qual/2.0.0/checker-compat-qual-2.0.0.jar:/home/venkat/.m2/repository/com/google/errorprone/error_prone_annotations/2.1.3/error_prone_annotations-2.1.3.jar:/home/venkat/.m2/repository/com/google/j2objc/j2objc-annotations/1.1/j2objc-annotations-1.1.jar:/home/venkat/.m2/repository/org/codehaus/mojo/animal-sniffer-annotations/1.14/animal-sniffer-annotations-1.14.jar:/home/venkat/.m2/repository/com/squareup/okhttp3/okhttp/3.11.0/okhttp-3.11.0.jar:/home/venkat/.m2/repository/com/squareup/okio/okio/1.14.0/okio-1.14.0.jar:/home/venkat/.m2/repository/org/testng/testng/6.14.3/testng-6.14.3.jar:/home/venkat/.m2/repository/com/beust/jcommander/1.72/jcommander-1.72.jar:/home/venkat/.m2/repository/org/apache-extras/beanshell/bsh/2.0b6/bsh-2.0b6.jar:/home/venkat/.m2/repository/commons-io/commons-io/1.3.2/commons-io-1.3.2.jar:/home/venkat/.m2/repository/org/apache/poi/poi/4.1.2/poi-4.1.2.jar:/home/venkat/.m2/repository/commons-codec/commons-codec/1.13/commons-codec-1.13.jar:/home/venkat/.m2/repository/org/apache/commons/commons-collections4/4.4/commons-collections4-4.4.jar:/home/venkat/.m2/repository/org/apache/commons/commons-math3/3.6.1/commons-math3-3.6.1.jar:/home/venkat/.m2/repository/com/zaxxer/SparseBitSet/1.2/SparseBitSet-1.2.jar:/home/venkat/.m2/repository/org/apache/poi/poi-ooxml/4.1.2/poi-ooxml-4.1.2.jar:/home/venkat/.m2/repository/org/apache/poi/poi-ooxml-schemas/4.1.2/poi-ooxml-schemas-4.1.2.jar:/home/venkat/.m2/repository/org/apache/xmlbeans/xmlbeans/3.1.0/xmlbeans-3.1.0.jar:/home/venkat/.m2/repository/org/apache/commons/commons-compress/1.19/commons-compress-1.19.jar:/home/venkat/.m2/repository/com/github/virtuald/curvesapi/1.06/curvesapi-1.06.jar:/home/venkat/.m2/repository/log4j/log4j/1.2.17/log4j-1.2.17.jar:/home/venkat/.m2/repository/com/aventstack/extentreports/5.0.3/extentreports-5.0.3.jar:/home/venkat/.m2/repository/io/reactivex/rxjava3/rxjava/3.0.4/rxjava-3.0.4.jar:/home/venkat/.m2/repository/org/reactivestreams/reactive-streams/1.0.3/reactive-streams-1.0.3.jar:/home/venkat/.m2/repository/org/freemarker/freemarker/2.3.30/freemarker-2.3.30.jar:/home/venkat/.m2/repository/org/projectlombok/lombok/1.18.12/lombok-1.18.12.jar:/home/venkat/.m2/repository/com/google/code/gson/gson/2.8.6/gson-2.8.6.jar:"/>
    <property name="java.vm.vendor" value="Oracle Corporation"/>
    <property name="sun.arch.data.model" value="64"/>
    <property name="java.vendor.url" value="http://java.oracle.com/"/>
    <property name="user.timezone" value=""/>
    <property name="java.vm.specification.version" value="1.8"/>
    <property name="os.name" value="Linux"/>
    <property name="user.country" value="IN"/>
    <property name="sun.java.launcher" value="SUN_STANDARD"/>
    <property name="sun.boot.library.path" value="/usr/lib/java/jdk1.8.0_241/jre/lib/amd64"/>
    <property name="sun.java.command" value="/home/venkat/eclipse-workspace/POM-2/target/surefire/surefirebooter4602492149399148579.jar /home/venkat/eclipse-workspace/POM-2/target/surefire 2020-11-06T09-42-50_662-jvmRun1 surefire1851753781404195378tmp surefire_0382211124583069833tmp"/>
    <property name="surefire.test.class.path" value="/home/venkat/eclipse-workspace/POM-2/target/test-classes:/home/venkat/eclipse-workspace/POM-2/target/classes:/home/venkat/.m2/repository/org/seleniumhq/selenium/selenium-java/3.141.59/selenium-java-3.141.59.jar:/home/venkat/.m2/repository/org/seleniumhq/selenium/selenium-api/3.141.59/selenium-api-3.141.59.jar:/home/venkat/.m2/repository/org/seleniumhq/selenium/selenium-chrome-driver/3.141.59/selenium-chrome-driver-3.141.59.jar:/home/venkat/.m2/repository/org/seleniumhq/selenium/selenium-edge-driver/3.141.59/selenium-edge-driver-3.141.59.jar:/home/venkat/.m2/repository/org/seleniumhq/selenium/selenium-firefox-driver/3.141.59/selenium-firefox-driver-3.141.59.jar:/home/venkat/.m2/repository/org/seleniumhq/selenium/selenium-ie-driver/3.141.59/selenium-ie-driver-3.141.59.jar:/home/venkat/.m2/repository/org/seleniumhq/selenium/selenium-opera-driver/3.141.59/selenium-opera-driver-3.141.59.jar:/home/venkat/.m2/repository/org/seleniumhq/selenium/selenium-remote-driver/3.141.59/selenium-remote-driver-3.141.59.jar:/home/venkat/.m2/repository/org/seleniumhq/selenium/selenium-safari-driver/3.141.59/selenium-safari-driver-3.141.59.jar:/home/venkat/.m2/repository/org/seleniumhq/selenium/selenium-support/3.141.59/selenium-support-3.141.59.jar:/home/venkat/.m2/repository/net/bytebuddy/byte-buddy/1.8.15/byte-buddy-1.8.15.jar:/home/venkat/.m2/repository/org/apache/commons/commons-exec/1.3/commons-exec-1.3.jar:/home/venkat/.m2/repository/com/google/guava/guava/25.0-jre/guava-25.0-jre.jar:/home/venkat/.m2/repository/com/google/code/findbugs/jsr305/1.3.9/jsr305-1.3.9.jar:/home/venkat/.m2/repository/org/checkerframework/checker-compat-qual/2.0.0/checker-compat-qual-2.0.0.jar:/home/venkat/.m2/repository/com/google/errorprone/error_prone_annotations/2.1.3/error_prone_annotations-2.1.3.jar:/home/venkat/.m2/repository/com/google/j2objc/j2objc-annotations/1.1/j2objc-annotations-1.1.jar:/home/venkat/.m2/repository/org/codehaus/mojo/animal-sniffer-annotations/1.14/animal-sniffer-annotations-1.14.jar:/home/venkat/.m2/repository/com/squareup/okhttp3/okhttp/3.11.0/okhttp-3.11.0.jar:/home/venkat/.m2/repository/com/squareup/okio/okio/1.14.0/okio-1.14.0.jar:/home/venkat/.m2/repository/org/testng/testng/6.14.3/testng-6.14.3.jar:/home/venkat/.m2/repository/com/beust/jcommander/1.72/jcommander-1.72.jar:/home/venkat/.m2/repository/org/apache-extras/beanshell/bsh/2.0b6/bsh-2.0b6.jar:/home/venkat/.m2/repository/commons-io/commons-io/1.3.2/commons-io-1.3.2.jar:/home/venkat/.m2/repository/org/apache/poi/poi/4.1.2/poi-4.1.2.jar:/home/venkat/.m2/repository/commons-codec/commons-codec/1.13/commons-codec-1.13.jar:/home/venkat/.m2/repository/org/apache/commons/commons-collections4/4.4/commons-collections4-4.4.jar:/home/venkat/.m2/repository/org/apache/commons/commons-math3/3.6.1/commons-math3-3.6.1.jar:/home/venkat/.m2/repository/com/zaxxer/SparseBitSet/1.2/SparseBitSet-1.2.jar:/home/venkat/.m2/repository/org/apache/poi/poi-ooxml/4.1.2/poi-ooxml-4.1.2.jar:/home/venkat/.m2/repository/org/apache/poi/poi-ooxml-schemas/4.1.2/poi-ooxml-schemas-4.1.2.jar:/home/venkat/.m2/repository/org/apache/xmlbeans/xmlbeans/3.1.0/xmlbeans-3.1.0.jar:/home/venkat/.m2/repository/org/apache/commons/commons-compress/1.19/commons-compress-1.19.jar:/home/venkat/.m2/repository/com/github/virtuald/curvesapi/1.06/curvesapi-1.06.jar:/home/venkat/.m2/repository/log4j/log4j/1.2.17/log4j-1.2.17.jar:/home/venkat/.m2/repository/com/aventstack/extentreports/5.0.3/extentreports-5.0.3.jar:/home/venkat/.m2/repository/io/reactivex/rxjava3/rxjava/3.0.4/rxjava-3.0.4.jar:/home/venkat/.m2/repository/org/reactivestreams/reactive-streams/1.0.3/reactive-streams-1.0.3.jar:/home/venkat/.m2/repository/org/freemarker/freemarker/2.3.30/freemarker-2.3.30.jar:/home/venkat/.m2/repository/org/projectlombok/lombok/1.18.12/lombok-1.18.12.jar:/home/venkat/.m2/repository/com/google/code/gson/gson/2.8.6/gson-2.8.6.jar:"/>
    <property name="sun.cpu.endian" value="little"/>
    <property name="user.home" value="/home/venkat"/>
    <property name="user.language" value="en"/>
    <property name="java.specification.vendor" value="Oracle Corporation"/>
    <property name="java.home" value="/usr/lib/java/jdk1.8.0_241/jre"/>
    <property name="basedir" value="/home/venkat/eclipse-workspace/POM-2"/>
    <property name="file.separator" value="/"/>
    <property name="line.separator" value="&#10;"/>
    <property name="java.vm.specification.vendor" value="Oracle Corporation"/>
    <property name="java.specification.name" value="Java Platform API Specification"/>
    <property name="java.awt.graphicsenv" value="sun.awt.X11GraphicsEnvironment"/>
    <property name="surefire.real.class.path" value="/home/venkat/eclipse-workspace/POM-2/target/surefire/surefirebooter4602492149399148579.jar"/>
    <property name="sun.boot.class.path" value="/usr/lib/java/jdk1.8.0_241/jre/lib/resources.jar:/usr/lib/java/jdk1.8.0_241/jre/lib/rt.jar:/usr/lib/java/jdk1.8.0_241/jre/lib/sunrsasign.jar:/usr/lib/java/jdk1.8.0_241/jre/lib/jsse.jar:/usr/lib/java/jdk1.8.0_241/jre/lib/jce.jar:/usr/lib/java/jdk1.8.0_241/jre/lib/charsets.jar:/usr/lib/java/jdk1.8.0_241/jre/lib/jfr.jar:/usr/lib/java/jdk1.8.0_241/jre/classes"/>
    <property name="sun.management.compiler" value="HotSpot 64-Bit Tiered Compilers"/>
    <property name="java.runtime.version" value="1.8.0_241-b07"/>
    <property name="user.name" value="venkat"/>
    <property name="path.separator" value=":"/>
    <property name="os.version" value="5.4.0-52-generic"/>
    <property name="java.endorsed.dirs" value="/usr/lib/java/jdk1.8.0_241/jre/lib/endorsed"/>
    <property name="java.runtime.name" value="Java(TM) SE Runtime Environment"/>
    <property name="file.encoding" value="UTF-8"/>
    <property name="java.vm.name" value="Java HotSpot(TM) 64-Bit Server VM"/>
    <property name="localRepository" value="/home/venkat/.m2/repository"/>
    <property name="java.vendor.url.bug" value="http://bugreport.sun.com/bugreport/"/>
    <property name="java.io.tmpdir" value="/tmp"/>
    <property name="java.version" value="1.8.0_241"/>
    <property name="user.dir" value="/home/venkat/eclipse-workspace/POM-2"/>
    <property name="os.arch" value="amd64"/>
    <property name="java.vm.specification.name" value="Java Virtual Machine Specification"/>
    <property name="java.awt.printerjob" value="sun.print.PSPrinterJob"/>
    <property name="sun.os.patch.level" value="unknown"/>
    <property name="java.library.path" value="/u01/app/oracle/product/11.2.0/xe/lib::/usr/java/packages/lib/amd64:/usr/lib64:/lib64:/lib:/usr/lib"/>
    <property name="java.vm.info" value="mixed mode"/>
    <property name="java.vendor" value="Oracle Corporation"/>
    <property name="java.vm.version" value="25.241-b07"/>
    <property name="java.ext.dirs" value="/usr/lib/java/jdk1.8.0_241/jre/lib/ext:/usr/java/packages/lib/ext"/>
    <property name="sun.io.unicode.encoding" value="UnicodeLittle"/>
    <property name="java.class.version" value="52.0"/>
  </properties>
  <testcase name="googleHomePageTest" classname="LinkedInTestPages.MyPageTest" time="0.53"/>
  <testcase name="linkedInSignPageTest" classname="LinkedInTestPages.MyPageTest" time="13.039"/>
  <testcase name="userHomePageTest" classname="LinkedInTestPages.MyPageTest" time="8.052"/>
  <testcase name="userHomePageDown" classname="LinkedInTestPages.MyPageTest" time="20.326"/>
  <testcase name="userLinkedInDetailsTest" classname="LinkedInTestPages.MyPageTest" time="1.64"/>
</testsuite>