<?xml version="1.0" encoding="UTF-8"?>
<!-- Generated by org.testng.reporters.JUnitReportReporter -->
<testsuite skipped="0" hostname="venkat" name="LinkedInTestPages.GoogleHomePageTest" tests="5" failures="0" timestamp="2020-10-31T18:23:10 IST" time="175.912" errors="0">
  <testcase name="googleHomePageTest" time="0.575" classname="LinkedInTestPages.GoogleHomePageTest"/>
  <testcase name="linkedInSignPageTest" time="11.459" classname="LinkedInTestPages.GoogleHomePageTest"/>
  <testcase name="userHomePageTest" time="8.477" classname="LinkedInTestPages.GoogleHomePageTest"/>
  <testcase name="userHomePageDown" time="139.867" classname="LinkedInTestPages.GoogleHomePageTest"/>
  <testcase name="userLogOut" time="15.534" classname="LinkedInTestPages.GoogleHomePageTest"/>
</testsuite> <!-- LinkedInTestPages.GoogleHomePageTest -->
