<?xml version="1.0" encoding="UTF-8"?>
<!-- Generated by org.testng.reporters.JUnitReportReporter -->
<testsuite skipped="0" hostname="venkat" name="testMySelf.LogingTest001" tests="1" failures="0" timestamp="2020-10-18T07:27:47 IST" time="9.993" errors="0">
  <testcase name="linkedSiteClick" time="9.993" classname="testMySelf.LogingTest001"/>
</testsuite> <!-- testMySelf.LogingTest001 -->
