<?xml version="1.0" encoding="UTF-8"?>
<!-- Generated by org.testng.reporters.JUnitReportReporter -->
<testsuite skipped="0" hostname="venkat" name="LinkedInTestPages.MyPageTest" tests="4" failures="0" timestamp="04 Nov 2020 07:20:38 GMT" time="44.232" errors="0">
  <testcase name="googleHomePageTest" time="0.545" classname="LinkedInTestPages.MyPageTest"/>
  <testcase name="linkedInSignPageTest" time="15.160" classname="LinkedInTestPages.MyPageTest"/>
  <testcase name="userHomePageTest" time="8.214" classname="LinkedInTestPages.MyPageTest"/>
  <testcase name="userHomePageDown" time="20.313" classname="LinkedInTestPages.MyPageTest"/>
</testsuite> <!-- LinkedInTestPages.MyPageTest -->
