<?xml version="1.0" encoding="UTF-8"?>
<!-- Generated by org.testng.reporters.JUnitReportReporter -->
<testsuite skipped="0" hostname="venkat" name="LinkedInTestPages.MyPageTest" tests="5" failures="0" timestamp="05 Nov 2020 12:06:08 GMT" time="43.182" errors="0">
  <testcase name="googleHomePageTest" time="0.528" classname="LinkedInTestPages.MyPageTest"/>
  <testcase name="linkedInSignPageTest" time="12.425" classname="LinkedInTestPages.MyPageTest"/>
  <testcase name="userHomePageTest" time="8.121" classname="LinkedInTestPages.MyPageTest"/>
  <testcase name="userHomePageDown" time="20.388" classname="LinkedInTestPages.MyPageTest"/>
  <testcase name="userLinkedInDetailsTest" time="1.720" classname="LinkedInTestPages.MyPageTest"/>
</testsuite> <!-- LinkedInTestPages.MyPageTest -->
