<?xml version="1.0" encoding="UTF-8"?>
<!-- Generated by org.testng.reporters.JUnitReportReporter -->
<testsuite skipped="0" hostname="venkat" name="LinkedInTestPages.MyPageTest" tests="5" failures="0" timestamp="06 Nov 2020 04:13:42 GMT" time="43.596" errors="0">
  <testcase name="googleHomePageTest" time="0.528" classname="LinkedInTestPages.MyPageTest"/>
  <testcase name="linkedInSignPageTest" time="13.043" classname="LinkedInTestPages.MyPageTest"/>
  <testcase name="userHomePageTest" time="8.054" classname="LinkedInTestPages.MyPageTest"/>
  <testcase name="userHomePageDown" time="20.329" classname="LinkedInTestPages.MyPageTest"/>
  <testcase name="userLinkedInDetailsTest" time="1.642" classname="LinkedInTestPages.MyPageTest"/>
</testsuite> <!-- LinkedInTestPages.MyPageTest -->
